[2023-06-08 07:44:47] local.ERROR: syntax error, unexpected token "(", expecting "{" {"exception":"[object] (ParseError(code: 0): syntax error, unexpected token \"(\", expecting \"{\" at /var/www/html/riverr/app/Http/Livewire/Main/Messages/NewComponent.php:10)
[stacktrace]
#0 /var/www/html/riverr/vendor/composer/ClassLoader.php(433): Composer\\Autoload\\{closure}()
#1 [internal function]: Composer\\Autoload\\ClassLoader->loadClass()
#2 /var/www/html/riverr/vendor/laravel/framework/src/Illuminate/Routing/RouteAction.php(91): method_exists()
#3 /var/www/html/riverr/vendor/laravel/framework/src/Illuminate/Routing/RouteAction.php(47): Illuminate\\Routing\\RouteAction::makeInvokable()
#4 /var/www/html/riverr/vendor/laravel/framework/src/Illuminate/Routing/Route.php(191): Illuminate\\Routing\\RouteAction::parse()
#5 /var/www/html/riverr/vendor/laravel/framework/src/Illuminate/Routing/Route.php(172): Illuminate\\Routing\\Route->parseAction()
#6 /var/www/html/riverr/vendor/laravel/framework/src/Illuminate/Routing/Router.php(661): Illuminate\\Routing\\Route->__construct()
#7 /var/www/html/riverr/vendor/laravel/framework/src/Illuminate/Routing/Router.php(553): Illuminate\\Routing\\Router->newRoute()
#8 /var/www/html/riverr/vendor/laravel/framework/src/Illuminate/Routing/Router.php(533): Illuminate\\Routing\\Router->createRoute()
#9 /var/www/html/riverr/vendor/laravel/framework/src/Illuminate/Routing/Router.php(150): Illuminate\\Routing\\Router->addRoute()
#10 /var/www/html/riverr/vendor/laravel/framework/src/Illuminate/Support/Facades/Facade.php(338): Illuminate\\Routing\\Router->get()
#11 /var/www/html/riverr/routes/web.php(631): Illuminate\\Support\\Facades\\Facade::__callStatic()
#12 /var/www/html/riverr/vendor/laravel/framework/src/Illuminate/Routing/Router.php(501): Illuminate\\Routing\\RouteFileRegistrar->{closure}()
#13 /var/www/html/riverr/vendor/laravel/framework/src/Illuminate/Routing/Router.php(457): Illuminate\\Routing\\Router->loadRoutes()
#14 /var/www/html/riverr/vendor/laravel/framework/src/Illuminate/Routing/RouteRegistrar.php(192): Illuminate\\Routing\\Router->group()
#15 /var/www/html/riverr/routes/web.php(625): Illuminate\\Routing\\RouteRegistrar->group()
#16 /var/www/html/riverr/vendor/laravel/framework/src/Illuminate/Routing/Router.php(501): Illuminate\\Routing\\RouteFileRegistrar->{closure}()
#17 /var/www/html/riverr/vendor/laravel/framework/src/Illuminate/Routing/Router.php(457): Illuminate\\Routing\\Router->loadRoutes()
#18 /var/www/html/riverr/vendor/laravel/framework/src/Illuminate/Routing/RouteRegistrar.php(192): Illuminate\\Routing\\Router->group()
#19 /var/www/html/riverr/routes/web.php(25): Illuminate\\Routing\\RouteRegistrar->group()
#20 /var/www/html/riverr/vendor/laravel/framework/src/Illuminate/Routing/RouteFileRegistrar.php(35): require('...')
#21 /var/www/html/riverr/vendor/laravel/framework/src/Illuminate/Routing/Router.php(503): Illuminate\\Routing\\RouteFileRegistrar->register()
#22 /var/www/html/riverr/vendor/laravel/framework/src/Illuminate/Routing/Router.php(457): Illuminate\\Routing\\Router->loadRoutes()
#23 /var/www/html/riverr/vendor/laravel/framework/src/Illuminate/Routing/RouteRegistrar.php(192): Illuminate\\Routing\\Router->group()
#24 /var/www/html/riverr/app/Providers/RouteServiceProvider.php(38): Illuminate\\Routing\\RouteRegistrar->group()
#25 /var/www/html/riverr/vendor/laravel/framework/src/Illuminate/Container/BoundMethod.php(36): App\\Providers\\RouteServiceProvider->App\\Providers\\{closure}()
#26 /var/www/html/riverr/vendor/laravel/framework/src/Illuminate/Container/Util.php(41): Illuminate\\Container\\BoundMethod::Illuminate\\Container\\{closure}()
#27 /var/www/html/riverr/vendor/laravel/framework/src/Illuminate/Container/BoundMethod.php(81): Illuminate\\Container\\Util::unwrapIfClosure()
#28 /var/www/html/riverr/vendor/laravel/framework/src/Illuminate/Container/BoundMethod.php(35): Illuminate\\Container\\BoundMethod::callBoundMethod()
#29 /var/www/html/riverr/vendor/laravel/framework/src/Illuminate/Container/Container.php(661): Illuminate\\Container\\BoundMethod::call()
#30 /var/www/html/riverr/vendor/laravel/framework/src/Illuminate/Foundation/Support/Providers/RouteServiceProvider.php(120): Illuminate\\Container\\Container->call()
#31 /var/www/html/riverr/vendor/laravel/framework/src/Illuminate/Foundation/Support/Providers/RouteServiceProvider.php(45): Illuminate\\Foundation\\Support\\Providers\\RouteServiceProvider->loadRoutes()
#32 /var/www/html/riverr/vendor/laravel/framework/src/Illuminate/Container/BoundMethod.php(36): Illuminate\\Foundation\\Support\\Providers\\RouteServiceProvider->Illuminate\\Foundation\\Support\\Providers\\{closure}()
#33 /var/www/html/riverr/vendor/laravel/framework/src/Illuminate/Container/Util.php(41): Illuminate\\Container\\BoundMethod::Illuminate\\Container\\{closure}()
#34 /var/www/html/riverr/vendor/laravel/framework/src/Illuminate/Container/BoundMethod.php(81): Illuminate\\Container\\Util::unwrapIfClosure()
#35 /var/www/html/riverr/vendor/laravel/framework/src/Illuminate/Container/BoundMethod.php(35): Illuminate\\Container\\BoundMethod::callBoundMethod()
#36 /var/www/html/riverr/vendor/laravel/framework/src/Illuminate/Container/Container.php(661): Illuminate\\Container\\BoundMethod::call()
#37 /var/www/html/riverr/vendor/laravel/framework/src/Illuminate/Support/ServiceProvider.php(119): Illuminate\\Container\\Container->call()
#38 /var/www/html/riverr/vendor/laravel/framework/src/Illuminate/Foundation/Application.php(932): Illuminate\\Support\\ServiceProvider->callBootedCallbacks()
#39 /var/www/html/riverr/vendor/laravel/framework/src/Illuminate/Foundation/Application.php(910): Illuminate\\Foundation\\Application->bootProvider()
#40 [internal function]: Illuminate\\Foundation\\Application->Illuminate\\Foundation\\{closure}()
#41 /var/www/html/riverr/vendor/laravel/framework/src/Illuminate/Foundation/Application.php(909): array_walk()
#42 /var/www/html/riverr/vendor/laravel/framework/src/Illuminate/Foundation/Bootstrap/BootProviders.php(17): Illuminate\\Foundation\\Application->boot()
#43 /var/www/html/riverr/vendor/laravel/framework/src/Illuminate/Foundation/Application.php(242): Illuminate\\Foundation\\Bootstrap\\BootProviders->bootstrap()
#44 /var/www/html/riverr/vendor/laravel/framework/src/Illuminate/Foundation/Http/Kernel.php(176): Illuminate\\Foundation\\Application->bootstrapWith()
#45 /var/www/html/riverr/vendor/laravel/framework/src/Illuminate/Foundation/Http/Kernel.php(160): Illuminate\\Foundation\\Http\\Kernel->bootstrap()
#46 /var/www/html/riverr/vendor/laravel/framework/src/Illuminate/Foundation/Http/Kernel.php(134): Illuminate\\Foundation\\Http\\Kernel->sendRequestThroughRouter()
#47 /var/www/html/riverr/index.php(52): Illuminate\\Foundation\\Http\\Kernel->handle()
#48 {main}
"} 
[2023-06-08 07:44:48] local.ERROR: syntax error, unexpected token "(", expecting "{" {"exception":"[object] (ParseError(code: 0): syntax error, unexpected token \"(\", expecting \"{\" at /var/www/html/riverr/app/Http/Livewire/Main/Messages/NewComponent.php:10)
[stacktrace]
#0 /var/www/html/riverr/vendor/composer/ClassLoader.php(433): Composer\\Autoload\\{closure}()
#1 [internal function]: Composer\\Autoload\\ClassLoader->loadClass()
#2 /var/www/html/riverr/vendor/laravel/framework/src/Illuminate/Routing/RouteAction.php(91): method_exists()
#3 /var/www/html/riverr/vendor/laravel/framework/src/Illuminate/Routing/RouteAction.php(47): Illuminate\\Routing\\RouteAction::makeInvokable()
#4 /var/www/html/riverr/vendor/laravel/framework/src/Illuminate/Routing/Route.php(191): Illuminate\\Routing\\RouteAction::parse()
#5 /var/www/html/riverr/vendor/laravel/framework/src/Illuminate/Routing/Route.php(172): Illuminate\\Routing\\Route->parseAction()
#6 /var/www/html/riverr/vendor/laravel/framework/src/Illuminate/Routing/Router.php(661): Illuminate\\Routing\\Route->__construct()
#7 /var/www/html/riverr/vendor/laravel/framework/src/Illuminate/Routing/Router.php(553): Illuminate\\Routing\\Router->newRoute()
#8 /var/www/html/riverr/vendor/laravel/framework/src/Illuminate/Routing/Router.php(533): Illuminate\\Routing\\Router->createRoute()
#9 /var/www/html/riverr/vendor/laravel/framework/src/Illuminate/Routing/Router.php(150): Illuminate\\Routing\\Router->addRoute()
#10 /var/www/html/riverr/vendor/laravel/framework/src/Illuminate/Support/Facades/Facade.php(338): Illuminate\\Routing\\Router->get()
#11 /var/www/html/riverr/routes/web.php(631): Illuminate\\Support\\Facades\\Facade::__callStatic()
#12 /var/www/html/riverr/vendor/laravel/framework/src/Illuminate/Routing/Router.php(501): Illuminate\\Routing\\RouteFileRegistrar->{closure}()
#13 /var/www/html/riverr/vendor/laravel/framework/src/Illuminate/Routing/Router.php(457): Illuminate\\Routing\\Router->loadRoutes()
#14 /var/www/html/riverr/vendor/laravel/framework/src/Illuminate/Routing/RouteRegistrar.php(192): Illuminate\\Routing\\Router->group()
#15 /var/www/html/riverr/routes/web.php(625): Illuminate\\Routing\\RouteRegistrar->group()
#16 /var/www/html/riverr/vendor/laravel/framework/src/Illuminate/Routing/Router.php(501): Illuminate\\Routing\\RouteFileRegistrar->{closure}()
#17 /var/www/html/riverr/vendor/laravel/framework/src/Illuminate/Routing/Router.php(457): Illuminate\\Routing\\Router->loadRoutes()
#18 /var/www/html/riverr/vendor/laravel/framework/src/Illuminate/Routing/RouteRegistrar.php(192): Illuminate\\Routing\\Router->group()
#19 /var/www/html/riverr/routes/web.php(25): Illuminate\\Routing\\RouteRegistrar->group()
#20 /var/www/html/riverr/vendor/laravel/framework/src/Illuminate/Routing/RouteFileRegistrar.php(35): require('...')
#21 /var/www/html/riverr/vendor/laravel/framework/src/Illuminate/Routing/Router.php(503): Illuminate\\Routing\\RouteFileRegistrar->register()
#22 /var/www/html/riverr/vendor/laravel/framework/src/Illuminate/Routing/Router.php(457): Illuminate\\Routing\\Router->loadRoutes()
#23 /var/www/html/riverr/vendor/laravel/framework/src/Illuminate/Routing/RouteRegistrar.php(192): Illuminate\\Routing\\Router->group()
#24 /var/www/html/riverr/app/Providers/RouteServiceProvider.php(38): Illuminate\\Routing\\RouteRegistrar->group()
#25 /var/www/html/riverr/vendor/laravel/framework/src/Illuminate/Container/BoundMethod.php(36): App\\Providers\\RouteServiceProvider->App\\Providers\\{closure}()
#26 /var/www/html/riverr/vendor/laravel/framework/src/Illuminate/Container/Util.php(41): Illuminate\\Container\\BoundMethod::Illuminate\\Container\\{closure}()
#27 /var/www/html/riverr/vendor/laravel/framework/src/Illuminate/Container/BoundMethod.php(81): Illuminate\\Container\\Util::unwrapIfClosure()
#28 /var/www/html/riverr/vendor/laravel/framework/src/Illuminate/Container/BoundMethod.php(35): Illuminate\\Container\\BoundMethod::callBoundMethod()
#29 /var/www/html/riverr/vendor/laravel/framework/src/Illuminate/Container/Container.php(661): Illuminate\\Container\\BoundMethod::call()
#30 /var/www/html/riverr/vendor/laravel/framework/src/Illuminate/Foundation/Support/Providers/RouteServiceProvider.php(120): Illuminate\\Container\\Container->call()
#31 /var/www/html/riverr/vendor/laravel/framework/src/Illuminate/Foundation/Support/Providers/RouteServiceProvider.php(45): Illuminate\\Foundation\\Support\\Providers\\RouteServiceProvider->loadRoutes()
#32 /var/www/html/riverr/vendor/laravel/framework/src/Illuminate/Container/BoundMethod.php(36): Illuminate\\Foundation\\Support\\Providers\\RouteServiceProvider->Illuminate\\Foundation\\Support\\Providers\\{closure}()
#33 /var/www/html/riverr/vendor/laravel/framework/src/Illuminate/Container/Util.php(41): Illuminate\\Container\\BoundMethod::Illuminate\\Container\\{closure}()
#34 /var/www/html/riverr/vendor/laravel/framework/src/Illuminate/Container/BoundMethod.php(81): Illuminate\\Container\\Util::unwrapIfClosure()
#35 /var/www/html/riverr/vendor/laravel/framework/src/Illuminate/Container/BoundMethod.php(35): Illuminate\\Container\\BoundMethod::callBoundMethod()
#36 /var/www/html/riverr/vendor/laravel/framework/src/Illuminate/Container/Container.php(661): Illuminate\\Container\\BoundMethod::call()
#37 /var/www/html/riverr/vendor/laravel/framework/src/Illuminate/Support/ServiceProvider.php(119): Illuminate\\Container\\Container->call()
#38 /var/www/html/riverr/vendor/laravel/framework/src/Illuminate/Foundation/Application.php(932): Illuminate\\Support\\ServiceProvider->callBootedCallbacks()
#39 /var/www/html/riverr/vendor/laravel/framework/src/Illuminate/Foundation/Application.php(910): Illuminate\\Foundation\\Application->bootProvider()
#40 [internal function]: Illuminate\\Foundation\\Application->Illuminate\\Foundation\\{closure}()
#41 /var/www/html/riverr/vendor/laravel/framework/src/Illuminate/Foundation/Application.php(909): array_walk()
#42 /var/www/html/riverr/vendor/laravel/framework/src/Illuminate/Foundation/Bootstrap/BootProviders.php(17): Illuminate\\Foundation\\Application->boot()
#43 /var/www/html/riverr/vendor/laravel/framework/src/Illuminate/Foundation/Application.php(242): Illuminate\\Foundation\\Bootstrap\\BootProviders->bootstrap()
#44 /var/www/html/riverr/vendor/laravel/framework/src/Illuminate/Foundation/Http/Kernel.php(176): Illuminate\\Foundation\\Application->bootstrapWith()
#45 /var/www/html/riverr/vendor/laravel/framework/src/Illuminate/Foundation/Http/Kernel.php(160): Illuminate\\Foundation\\Http\\Kernel->bootstrap()
#46 /var/www/html/riverr/vendor/laravel/framework/src/Illuminate/Foundation/Http/Kernel.php(134): Illuminate\\Foundation\\Http\\Kernel->sendRequestThroughRouter()
#47 /var/www/html/riverr/index.php(52): Illuminate\\Foundation\\Http\\Kernel->handle()
#48 {main}
"} 
[2023-06-08 07:44:49] local.ERROR: syntax error, unexpected token "(", expecting "{" {"exception":"[object] (ParseError(code: 0): syntax error, unexpected token \"(\", expecting \"{\" at /var/www/html/riverr/app/Http/Livewire/Main/Messages/NewComponent.php:10)
[stacktrace]
#0 /var/www/html/riverr/vendor/composer/ClassLoader.php(433): Composer\\Autoload\\{closure}()
#1 [internal function]: Composer\\Autoload\\ClassLoader->loadClass()
#2 /var/www/html/riverr/vendor/laravel/framework/src/Illuminate/Routing/RouteAction.php(91): method_exists()
#3 /var/www/html/riverr/vendor/laravel/framework/src/Illuminate/Routing/RouteAction.php(47): Illuminate\\Routing\\RouteAction::makeInvokable()
#4 /var/www/html/riverr/vendor/laravel/framework/src/Illuminate/Routing/Route.php(191): Illuminate\\Routing\\RouteAction::parse()
#5 /var/www/html/riverr/vendor/laravel/framework/src/Illuminate/Routing/Route.php(172): Illuminate\\Routing\\Route->parseAction()
#6 /var/www/html/riverr/vendor/laravel/framework/src/Illuminate/Routing/Router.php(661): Illuminate\\Routing\\Route->__construct()
#7 /var/www/html/riverr/vendor/laravel/framework/src/Illuminate/Routing/Router.php(553): Illuminate\\Routing\\Router->newRoute()
#8 /var/www/html/riverr/vendor/laravel/framework/src/Illuminate/Routing/Router.php(533): Illuminate\\Routing\\Router->createRoute()
#9 /var/www/html/riverr/vendor/laravel/framework/src/Illuminate/Routing/Router.php(150): Illuminate\\Routing\\Router->addRoute()
#10 /var/www/html/riverr/vendor/laravel/framework/src/Illuminate/Support/Facades/Facade.php(338): Illuminate\\Routing\\Router->get()
#11 /var/www/html/riverr/routes/web.php(631): Illuminate\\Support\\Facades\\Facade::__callStatic()
#12 /var/www/html/riverr/vendor/laravel/framework/src/Illuminate/Routing/Router.php(501): Illuminate\\Routing\\RouteFileRegistrar->{closure}()
#13 /var/www/html/riverr/vendor/laravel/framework/src/Illuminate/Routing/Router.php(457): Illuminate\\Routing\\Router->loadRoutes()
#14 /var/www/html/riverr/vendor/laravel/framework/src/Illuminate/Routing/RouteRegistrar.php(192): Illuminate\\Routing\\Router->group()
#15 /var/www/html/riverr/routes/web.php(625): Illuminate\\Routing\\RouteRegistrar->group()
#16 /var/www/html/riverr/vendor/laravel/framework/src/Illuminate/Routing/Router.php(501): Illuminate\\Routing\\RouteFileRegistrar->{closure}()
#17 /var/www/html/riverr/vendor/laravel/framework/src/Illuminate/Routing/Router.php(457): Illuminate\\Routing\\Router->loadRoutes()
#18 /var/www/html/riverr/vendor/laravel/framework/src/Illuminate/Routing/RouteRegistrar.php(192): Illuminate\\Routing\\Router->group()
#19 /var/www/html/riverr/routes/web.php(25): Illuminate\\Routing\\RouteRegistrar->group()
#20 /var/www/html/riverr/vendor/laravel/framework/src/Illuminate/Routing/RouteFileRegistrar.php(35): require('...')
#21 /var/www/html/riverr/vendor/laravel/framework/src/Illuminate/Routing/Router.php(503): Illuminate\\Routing\\RouteFileRegistrar->register()
#22 /var/www/html/riverr/vendor/laravel/framework/src/Illuminate/Routing/Router.php(457): Illuminate\\Routing\\Router->loadRoutes()
#23 /var/www/html/riverr/vendor/laravel/framework/src/Illuminate/Routing/RouteRegistrar.php(192): Illuminate\\Routing\\Router->group()
#24 /var/www/html/riverr/app/Providers/RouteServiceProvider.php(38): Illuminate\\Routing\\RouteRegistrar->group()
#25 /var/www/html/riverr/vendor/laravel/framework/src/Illuminate/Container/BoundMethod.php(36): App\\Providers\\RouteServiceProvider->App\\Providers\\{closure}()
#26 /var/www/html/riverr/vendor/laravel/framework/src/Illuminate/Container/Util.php(41): Illuminate\\Container\\BoundMethod::Illuminate\\Container\\{closure}()
#27 /var/www/html/riverr/vendor/laravel/framework/src/Illuminate/Container/BoundMethod.php(81): Illuminate\\Container\\Util::unwrapIfClosure()
#28 /var/www/html/riverr/vendor/laravel/framework/src/Illuminate/Container/BoundMethod.php(35): Illuminate\\Container\\BoundMethod::callBoundMethod()
#29 /var/www/html/riverr/vendor/laravel/framework/src/Illuminate/Container/Container.php(661): Illuminate\\Container\\BoundMethod::call()
#30 /var/www/html/riverr/vendor/laravel/framework/src/Illuminate/Foundation/Support/Providers/RouteServiceProvider.php(120): Illuminate\\Container\\Container->call()
#31 /var/www/html/riverr/vendor/laravel/framework/src/Illuminate/Foundation/Support/Providers/RouteServiceProvider.php(45): Illuminate\\Foundation\\Support\\Providers\\RouteServiceProvider->loadRoutes()
#32 /var/www/html/riverr/vendor/laravel/framework/src/Illuminate/Container/BoundMethod.php(36): Illuminate\\Foundation\\Support\\Providers\\RouteServiceProvider->Illuminate\\Foundation\\Support\\Providers\\{closure}()
#33 /var/www/html/riverr/vendor/laravel/framework/src/Illuminate/Container/Util.php(41): Illuminate\\Container\\BoundMethod::Illuminate\\Container\\{closure}()
#34 /var/www/html/riverr/vendor/laravel/framework/src/Illuminate/Container/BoundMethod.php(81): Illuminate\\Container\\Util::unwrapIfClosure()
#35 /var/www/html/riverr/vendor/laravel/framework/src/Illuminate/Container/BoundMethod.php(35): Illuminate\\Container\\BoundMethod::callBoundMethod()
#36 /var/www/html/riverr/vendor/laravel/framework/src/Illuminate/Container/Container.php(661): Illuminate\\Container\\BoundMethod::call()
#37 /var/www/html/riverr/vendor/laravel/framework/src/Illuminate/Support/ServiceProvider.php(119): Illuminate\\Container\\Container->call()
#38 /var/www/html/riverr/vendor/laravel/framework/src/Illuminate/Foundation/Application.php(932): Illuminate\\Support\\ServiceProvider->callBootedCallbacks()
#39 /var/www/html/riverr/vendor/laravel/framework/src/Illuminate/Foundation/Application.php(910): Illuminate\\Foundation\\Application->bootProvider()
#40 [internal function]: Illuminate\\Foundation\\Application->Illuminate\\Foundation\\{closure}()
#41 /var/www/html/riverr/vendor/laravel/framework/src/Illuminate/Foundation/Application.php(909): array_walk()
#42 /var/www/html/riverr/vendor/laravel/framework/src/Illuminate/Foundation/Bootstrap/BootProviders.php(17): Illuminate\\Foundation\\Application->boot()
#43 /var/www/html/riverr/vendor/laravel/framework/src/Illuminate/Foundation/Application.php(242): Illuminate\\Foundation\\Bootstrap\\BootProviders->bootstrap()
#44 /var/www/html/riverr/vendor/laravel/framework/src/Illuminate/Foundation/Http/Kernel.php(176): Illuminate\\Foundation\\Application->bootstrapWith()
#45 /var/www/html/riverr/vendor/laravel/framework/src/Illuminate/Foundation/Http/Kernel.php(160): Illuminate\\Foundation\\Http\\Kernel->bootstrap()
#46 /var/www/html/riverr/vendor/laravel/framework/src/Illuminate/Foundation/Http/Kernel.php(134): Illuminate\\Foundation\\Http\\Kernel->sendRequestThroughRouter()
#47 /var/www/html/riverr/index.php(52): Illuminate\\Foundation\\Http\\Kernel->handle()
#48 {main}
"} 
[2023-06-08 07:44:51] local.ERROR: syntax error, unexpected token "(", expecting "{" {"exception":"[object] (ParseError(code: 0): syntax error, unexpected token \"(\", expecting \"{\" at /var/www/html/riverr/app/Http/Livewire/Main/Messages/NewComponent.php:10)
[stacktrace]
#0 /var/www/html/riverr/vendor/composer/ClassLoader.php(433): Composer\\Autoload\\{closure}()
#1 [internal function]: Composer\\Autoload\\ClassLoader->loadClass()
#2 /var/www/html/riverr/vendor/laravel/framework/src/Illuminate/Routing/RouteAction.php(91): method_exists()
#3 /var/www/html/riverr/vendor/laravel/framework/src/Illuminate/Routing/RouteAction.php(47): Illuminate\\Routing\\RouteAction::makeInvokable()
#4 /var/www/html/riverr/vendor/laravel/framework/src/Illuminate/Routing/Route.php(191): Illuminate\\Routing\\RouteAction::parse()
#5 /var/www/html/riverr/vendor/laravel/framework/src/Illuminate/Routing/Route.php(172): Illuminate\\Routing\\Route->parseAction()
#6 /var/www/html/riverr/vendor/laravel/framework/src/Illuminate/Routing/Router.php(661): Illuminate\\Routing\\Route->__construct()
#7 /var/www/html/riverr/vendor/laravel/framework/src/Illuminate/Routing/Router.php(553): Illuminate\\Routing\\Router->newRoute()
#8 /var/www/html/riverr/vendor/laravel/framework/src/Illuminate/Routing/Router.php(533): Illuminate\\Routing\\Router->createRoute()
#9 /var/www/html/riverr/vendor/laravel/framework/src/Illuminate/Routing/Router.php(150): Illuminate\\Routing\\Router->addRoute()
#10 /var/www/html/riverr/vendor/laravel/framework/src/Illuminate/Support/Facades/Facade.php(338): Illuminate\\Routing\\Router->get()
#11 /var/www/html/riverr/routes/web.php(631): Illuminate\\Support\\Facades\\Facade::__callStatic()
#12 /var/www/html/riverr/vendor/laravel/framework/src/Illuminate/Routing/Router.php(501): Illuminate\\Routing\\RouteFileRegistrar->{closure}()
#13 /var/www/html/riverr/vendor/laravel/framework/src/Illuminate/Routing/Router.php(457): Illuminate\\Routing\\Router->loadRoutes()
#14 /var/www/html/riverr/vendor/laravel/framework/src/Illuminate/Routing/RouteRegistrar.php(192): Illuminate\\Routing\\Router->group()
#15 /var/www/html/riverr/routes/web.php(625): Illuminate\\Routing\\RouteRegistrar->group()
#16 /var/www/html/riverr/vendor/laravel/framework/src/Illuminate/Routing/Router.php(501): Illuminate\\Routing\\RouteFileRegistrar->{closure}()
#17 /var/www/html/riverr/vendor/laravel/framework/src/Illuminate/Routing/Router.php(457): Illuminate\\Routing\\Router->loadRoutes()
#18 /var/www/html/riverr/vendor/laravel/framework/src/Illuminate/Routing/RouteRegistrar.php(192): Illuminate\\Routing\\Router->group()
#19 /var/www/html/riverr/routes/web.php(25): Illuminate\\Routing\\RouteRegistrar->group()
#20 /var/www/html/riverr/vendor/laravel/framework/src/Illuminate/Routing/RouteFileRegistrar.php(35): require('...')
#21 /var/www/html/riverr/vendor/laravel/framework/src/Illuminate/Routing/Router.php(503): Illuminate\\Routing\\RouteFileRegistrar->register()
#22 /var/www/html/riverr/vendor/laravel/framework/src/Illuminate/Routing/Router.php(457): Illuminate\\Routing\\Router->loadRoutes()
#23 /var/www/html/riverr/vendor/laravel/framework/src/Illuminate/Routing/RouteRegistrar.php(192): Illuminate\\Routing\\Router->group()
#24 /var/www/html/riverr/app/Providers/RouteServiceProvider.php(38): Illuminate\\Routing\\RouteRegistrar->group()
#25 /var/www/html/riverr/vendor/laravel/framework/src/Illuminate/Container/BoundMethod.php(36): App\\Providers\\RouteServiceProvider->App\\Providers\\{closure}()
#26 /var/www/html/riverr/vendor/laravel/framework/src/Illuminate/Container/Util.php(41): Illuminate\\Container\\BoundMethod::Illuminate\\Container\\{closure}()
#27 /var/www/html/riverr/vendor/laravel/framework/src/Illuminate/Container/BoundMethod.php(81): Illuminate\\Container\\Util::unwrapIfClosure()
#28 /var/www/html/riverr/vendor/laravel/framework/src/Illuminate/Container/BoundMethod.php(35): Illuminate\\Container\\BoundMethod::callBoundMethod()
#29 /var/www/html/riverr/vendor/laravel/framework/src/Illuminate/Container/Container.php(661): Illuminate\\Container\\BoundMethod::call()
#30 /var/www/html/riverr/vendor/laravel/framework/src/Illuminate/Foundation/Support/Providers/RouteServiceProvider.php(120): Illuminate\\Container\\Container->call()
#31 /var/www/html/riverr/vendor/laravel/framework/src/Illuminate/Foundation/Support/Providers/RouteServiceProvider.php(45): Illuminate\\Foundation\\Support\\Providers\\RouteServiceProvider->loadRoutes()
#32 /var/www/html/riverr/vendor/laravel/framework/src/Illuminate/Container/BoundMethod.php(36): Illuminate\\Foundation\\Support\\Providers\\RouteServiceProvider->Illuminate\\Foundation\\Support\\Providers\\{closure}()
#33 /var/www/html/riverr/vendor/laravel/framework/src/Illuminate/Container/Util.php(41): Illuminate\\Container\\BoundMethod::Illuminate\\Container\\{closure}()
#34 /var/www/html/riverr/vendor/laravel/framework/src/Illuminate/Container/BoundMethod.php(81): Illuminate\\Container\\Util::unwrapIfClosure()
#35 /var/www/html/riverr/vendor/laravel/framework/src/Illuminate/Container/BoundMethod.php(35): Illuminate\\Container\\BoundMethod::callBoundMethod()
#36 /var/www/html/riverr/vendor/laravel/framework/src/Illuminate/Container/Container.php(661): Illuminate\\Container\\BoundMethod::call()
#37 /var/www/html/riverr/vendor/laravel/framework/src/Illuminate/Support/ServiceProvider.php(119): Illuminate\\Container\\Container->call()
#38 /var/www/html/riverr/vendor/laravel/framework/src/Illuminate/Foundation/Application.php(932): Illuminate\\Support\\ServiceProvider->callBootedCallbacks()
#39 /var/www/html/riverr/vendor/laravel/framework/src/Illuminate/Foundation/Application.php(910): Illuminate\\Foundation\\Application->bootProvider()
#40 [internal function]: Illuminate\\Foundation\\Application->Illuminate\\Foundation\\{closure}()
#41 /var/www/html/riverr/vendor/laravel/framework/src/Illuminate/Foundation/Application.php(909): array_walk()
#42 /var/www/html/riverr/vendor/laravel/framework/src/Illuminate/Foundation/Bootstrap/BootProviders.php(17): Illuminate\\Foundation\\Application->boot()
#43 /var/www/html/riverr/vendor/laravel/framework/src/Illuminate/Foundation/Application.php(242): Illuminate\\Foundation\\Bootstrap\\BootProviders->bootstrap()
#44 /var/www/html/riverr/vendor/laravel/framework/src/Illuminate/Foundation/Http/Kernel.php(176): Illuminate\\Foundation\\Application->bootstrapWith()
#45 /var/www/html/riverr/vendor/laravel/framework/src/Illuminate/Foundation/Http/Kernel.php(160): Illuminate\\Foundation\\Http\\Kernel->bootstrap()
#46 /var/www/html/riverr/vendor/laravel/framework/src/Illuminate/Foundation/Http/Kernel.php(134): Illuminate\\Foundation\\Http\\Kernel->sendRequestThroughRouter()
#47 /var/www/html/riverr/index.php(52): Illuminate\\Foundation\\Http\\Kernel->handle()
#48 {main}
"} 
[2023-06-08 07:45:04] local.ERROR: syntax error, unexpected token "(", expecting "{" {"exception":"[object] (ParseError(code: 0): syntax error, unexpected token \"(\", expecting \"{\" at /var/www/html/riverr/app/Http/Livewire/Main/Messages/NewComponent.php:10)
[stacktrace]
#0 /var/www/html/riverr/vendor/composer/ClassLoader.php(433): Composer\\Autoload\\{closure}()
#1 [internal function]: Composer\\Autoload\\ClassLoader->loadClass()
#2 /var/www/html/riverr/vendor/laravel/framework/src/Illuminate/Routing/RouteAction.php(91): method_exists()
#3 /var/www/html/riverr/vendor/laravel/framework/src/Illuminate/Routing/RouteAction.php(47): Illuminate\\Routing\\RouteAction::makeInvokable()
#4 /var/www/html/riverr/vendor/laravel/framework/src/Illuminate/Routing/Route.php(191): Illuminate\\Routing\\RouteAction::parse()
#5 /var/www/html/riverr/vendor/laravel/framework/src/Illuminate/Routing/Route.php(172): Illuminate\\Routing\\Route->parseAction()
#6 /var/www/html/riverr/vendor/laravel/framework/src/Illuminate/Routing/Router.php(661): Illuminate\\Routing\\Route->__construct()
#7 /var/www/html/riverr/vendor/laravel/framework/src/Illuminate/Routing/Router.php(553): Illuminate\\Routing\\Router->newRoute()
#8 /var/www/html/riverr/vendor/laravel/framework/src/Illuminate/Routing/Router.php(533): Illuminate\\Routing\\Router->createRoute()
#9 /var/www/html/riverr/vendor/laravel/framework/src/Illuminate/Routing/Router.php(150): Illuminate\\Routing\\Router->addRoute()
#10 /var/www/html/riverr/vendor/laravel/framework/src/Illuminate/Support/Facades/Facade.php(338): Illuminate\\Routing\\Router->get()
#11 /var/www/html/riverr/routes/web.php(631): Illuminate\\Support\\Facades\\Facade::__callStatic()
#12 /var/www/html/riverr/vendor/laravel/framework/src/Illuminate/Routing/Router.php(501): Illuminate\\Routing\\RouteFileRegistrar->{closure}()
#13 /var/www/html/riverr/vendor/laravel/framework/src/Illuminate/Routing/Router.php(457): Illuminate\\Routing\\Router->loadRoutes()
#14 /var/www/html/riverr/vendor/laravel/framework/src/Illuminate/Routing/RouteRegistrar.php(192): Illuminate\\Routing\\Router->group()
#15 /var/www/html/riverr/routes/web.php(625): Illuminate\\Routing\\RouteRegistrar->group()
#16 /var/www/html/riverr/vendor/laravel/framework/src/Illuminate/Routing/Router.php(501): Illuminate\\Routing\\RouteFileRegistrar->{closure}()
#17 /var/www/html/riverr/vendor/laravel/framework/src/Illuminate/Routing/Router.php(457): Illuminate\\Routing\\Router->loadRoutes()
#18 /var/www/html/riverr/vendor/laravel/framework/src/Illuminate/Routing/RouteRegistrar.php(192): Illuminate\\Routing\\Router->group()
#19 /var/www/html/riverr/routes/web.php(25): Illuminate\\Routing\\RouteRegistrar->group()
#20 /var/www/html/riverr/vendor/laravel/framework/src/Illuminate/Routing/RouteFileRegistrar.php(35): require('...')
#21 /var/www/html/riverr/vendor/laravel/framework/src/Illuminate/Routing/Router.php(503): Illuminate\\Routing\\RouteFileRegistrar->register()
#22 /var/www/html/riverr/vendor/laravel/framework/src/Illuminate/Routing/Router.php(457): Illuminate\\Routing\\Router->loadRoutes()
#23 /var/www/html/riverr/vendor/laravel/framework/src/Illuminate/Routing/RouteRegistrar.php(192): Illuminate\\Routing\\Router->group()
#24 /var/www/html/riverr/app/Providers/RouteServiceProvider.php(38): Illuminate\\Routing\\RouteRegistrar->group()
#25 /var/www/html/riverr/vendor/laravel/framework/src/Illuminate/Container/BoundMethod.php(36): App\\Providers\\RouteServiceProvider->App\\Providers\\{closure}()
#26 /var/www/html/riverr/vendor/laravel/framework/src/Illuminate/Container/Util.php(41): Illuminate\\Container\\BoundMethod::Illuminate\\Container\\{closure}()
#27 /var/www/html/riverr/vendor/laravel/framework/src/Illuminate/Container/BoundMethod.php(81): Illuminate\\Container\\Util::unwrapIfClosure()
#28 /var/www/html/riverr/vendor/laravel/framework/src/Illuminate/Container/BoundMethod.php(35): Illuminate\\Container\\BoundMethod::callBoundMethod()
#29 /var/www/html/riverr/vendor/laravel/framework/src/Illuminate/Container/Container.php(661): Illuminate\\Container\\BoundMethod::call()
#30 /var/www/html/riverr/vendor/laravel/framework/src/Illuminate/Foundation/Support/Providers/RouteServiceProvider.php(120): Illuminate\\Container\\Container->call()
#31 /var/www/html/riverr/vendor/laravel/framework/src/Illuminate/Foundation/Support/Providers/RouteServiceProvider.php(45): Illuminate\\Foundation\\Support\\Providers\\RouteServiceProvider->loadRoutes()
#32 /var/www/html/riverr/vendor/laravel/framework/src/Illuminate/Container/BoundMethod.php(36): Illuminate\\Foundation\\Support\\Providers\\RouteServiceProvider->Illuminate\\Foundation\\Support\\Providers\\{closure}()
#33 /var/www/html/riverr/vendor/laravel/framework/src/Illuminate/Container/Util.php(41): Illuminate\\Container\\BoundMethod::Illuminate\\Container\\{closure}()
#34 /var/www/html/riverr/vendor/laravel/framework/src/Illuminate/Container/BoundMethod.php(81): Illuminate\\Container\\Util::unwrapIfClosure()
#35 /var/www/html/riverr/vendor/laravel/framework/src/Illuminate/Container/BoundMethod.php(35): Illuminate\\Container\\BoundMethod::callBoundMethod()
#36 /var/www/html/riverr/vendor/laravel/framework/src/Illuminate/Container/Container.php(661): Illuminate\\Container\\BoundMethod::call()
#37 /var/www/html/riverr/vendor/laravel/framework/src/Illuminate/Support/ServiceProvider.php(119): Illuminate\\Container\\Container->call()
#38 /var/www/html/riverr/vendor/laravel/framework/src/Illuminate/Foundation/Application.php(932): Illuminate\\Support\\ServiceProvider->callBootedCallbacks()
#39 /var/www/html/riverr/vendor/laravel/framework/src/Illuminate/Foundation/Application.php(910): Illuminate\\Foundation\\Application->bootProvider()
#40 [internal function]: Illuminate\\Foundation\\Application->Illuminate\\Foundation\\{closure}()
#41 /var/www/html/riverr/vendor/laravel/framework/src/Illuminate/Foundation/Application.php(909): array_walk()
#42 /var/www/html/riverr/vendor/laravel/framework/src/Illuminate/Foundation/Bootstrap/BootProviders.php(17): Illuminate\\Foundation\\Application->boot()
#43 /var/www/html/riverr/vendor/laravel/framework/src/Illuminate/Foundation/Application.php(242): Illuminate\\Foundation\\Bootstrap\\BootProviders->bootstrap()
#44 /var/www/html/riverr/vendor/laravel/framework/src/Illuminate/Foundation/Http/Kernel.php(176): Illuminate\\Foundation\\Application->bootstrapWith()
#45 /var/www/html/riverr/vendor/laravel/framework/src/Illuminate/Foundation/Http/Kernel.php(160): Illuminate\\Foundation\\Http\\Kernel->bootstrap()
#46 /var/www/html/riverr/vendor/laravel/framework/src/Illuminate/Foundation/Http/Kernel.php(134): Illuminate\\Foundation\\Http\\Kernel->sendRequestThroughRouter()
#47 /var/www/html/riverr/index.php(52): Illuminate\\Foundation\\Http\\Kernel->handle()
#48 {main}
"} 
